   38 @ } ;
   31 : //Save some scalar data
   32 : ffSaveData(u,"capacitor_potential.txt")
   42 @
   43 @
   44 @
   45 @
   46 @
   47 @
   48 @
   49 @  {
   42 @   {
   43 @   ofstream file("capacitor_potential.txt");
   44 @   file.precision(10);
   45 @   for (int j=0; j<u[].n; j++){
   46 @     file << u[][j] << endl;
   47 @   }
   48 @   }
   49 @ } ; sizestack + 1024 =3516  ( 2492 )
 
  --  mesh:  Nb of Triangles =     58, Nb of Vertices 40
  -- Solve :
          min 3.57055e-61  max 0.941104
  number of required edges : 0
times: compile 0.099s, execution 0.266s,  mpirank:0
 ######## We forget of deleting   488 Nb pointer,   0Bytes  ,  mpirank 0, memory leak =0
 CodeAlloc : nb ptr  3985,  size :516120 mpirank: 0
Ok: Normal End
 try getConsole C:\Users\ytruj\Downloads\FEM\eje1.edp
