   25 : plot(Th, wait=true);
   26 : fespace Vh(Th, P1);
   27 : Vh u,v;
   28 : solve smoothcrack(u, v)
   29 :     = int2d(Th)(k*(dx(u)*dx(v) + dy(u)*dy(v)))
   30 :     - int2d(Th)(f*v)
   31 :     + on(outside, u=g);
   32 :     plot(u, value=true, fill=true, wait=true);
   33 :
   34 : Vh  h = hTriangle;
   35 : Msize = h[].max;
   36 : auxL2 = int2d(Th)((u - usol)^2);
   37 : auxL2sol = int2d(Th)((usol)^2);
   38 : auxH1 = int2d(Th)((dx(u) - dxusol)^2 + (dy(u) - dyusol)^2);
   39 : auxH1sol = int2d(Th)((dxusol)^2 + (dyusol)^2);
   40 : L2error = sqrt(auxL2/auxL2sol);
   41 : H1error = sqrt(auxL2 + auxH1) / sqrt(auxL2sol + auxH1sol);
   42 :
   43 : cout << L2Error The Identifier L2Error does not exist
 
 Error line number 43, in file C:\Users\ytruj\OneDrive\Desktop\Unal\TESIS\FEM\ejemplo2.edp, before  token L2Error
 
  current line = 43
Compile error :
        line number :43, L2Error
error Compile error :
        line number :43, L2Error
 code = 1 mpirank: 0
 try getConsole C:\Users\ytruj\OneDrive\Desktop\Unal\TESIS\FEM\ejemplo2.edp
