   60 :         if(i > 0){
   61 :           rate = L2error[i-1]/L2error[i];
   62 :         }
   63 :       ff << Ntraingles[i] << "  " << i << "     " << L2error[i] << "    " << H1error[i] << "    "  << rate << "" << Msize[i]<<endl;
   64 :     }
   65 :   } sizestack + 1024 =3444  ( 2420 )
 
  --  mesh:  Nb of Triangles =     58, Nb of Vertices 40
  -- Solve :
          min 3.57055e-61  max 0.941104
L2Error 0.0844398
  -- Solve :
          min 9.41583e-62  max 0.997101
L2Error 0.0218416
  -- Solve :
          min 2.4341e-62  max 0.999274
L2Error 0.00552836
  -- Solve :
          min 6.14478e-63  max 0.999818
L2Error 0.00138766
  -- Solve :
          min 1.54047e-63  max 0.999954
L2Error 0.000347343
times: compile 0.08s, execution 3.987s,  mpirank:0
 ######## We forget of deleting   576 Nb pointer,   0Bytes  ,  mpirank 0, memory leak =0
 CodeAlloc : nb ptr  4179,  size :522008 mpirank: 0
Ok: Normal End
 try getConsole C:\Users\ytruj\OneDrive\Desktop\Unal\TESIS\FEM\SLaplace.edp
